<?xml version="1.0" encoding="UTF-8"?>
<!-- Generated by org.testng.reporters.JUnitXMLReporter -->
<testsuite ignored="0" hostname="LAPTOP-H07QENVF" failures="1" tests="2" name="Surefire test" time="0.23" errors="0" timestamp="2021-07-26T18:28:55 PET">
  <testcase classname="UsuarioTest" name="test1" time="0.066"/>
  <testcase classname="UsuarioTest" name="test2" time="0.029">
    <failure type="java.lang.IncompatibleClassChangeError" message="Expected non-static field covidmanager.CovidManager.manager">
      <![CDATA[java.lang.IncompatibleClassChangeError: Expected non-static field covidmanager.CovidManager.manager
at UsuarioTest.test2(UsuarioTest.java:29)
at java.base/java.util.ArrayList.forEach(ArrayList.java:1511)
... Removed 32 stack frames]]>
    </failure>
  </testcase> <!-- test2 -->
</testsuite> <!-- Surefire test -->
