<?xml version="1.0" encoding="UTF-8"?>
<testng-results ignored="0" total="2" passed="2" failed="0" skipped="0">
  <reporter-output>
  </reporter-output>
  <suite started-at="2021-07-26T18:34:21 PET" name="Surefire suite" finished-at="2021-07-26T18:34:22 PET" duration-ms="291">
    <groups>
    </groups>
    <test started-at="2021-07-26T18:34:21 PET" name="Surefire test" finished-at="2021-07-26T18:34:22 PET" duration-ms="291">
      <class name="UsuarioTest">
        <test-method signature="test1()[pri:0, instance:UsuarioTest@75fc1992]" started-at="2021-07-26T18:34:22 PET" name="test1" finished-at="2021-07-26T18:34:22 PET" duration-ms="66" status="PASS">
          <reporter-output>
          </reporter-output>
        </test-method> <!-- test1 -->
        <test-method signature="test2()[pri:0, instance:UsuarioTest@75fc1992]" started-at="2021-07-26T18:34:22 PET" name="test2" finished-at="2021-07-26T18:34:22 PET" duration-ms="46" status="PASS">
          <reporter-output>
          </reporter-output>
        </test-method> <!-- test2 -->
      </class> <!-- UsuarioTest -->
    </test> <!-- Surefire test -->
  </suite> <!-- Surefire suite -->
</testng-results>
