<?xml version="1.0" encoding="UTF-8"?>
<testng-results ignored="0" total="2" passed="2" failed="0" skipped="0">
  <reporter-output>
  </reporter-output>
  <suite started-at="2021-07-26T18:20:34 PET" name="Surefire suite" finished-at="2021-07-26T18:20:34 PET" duration-ms="532">
    <groups>
    </groups>
    <test started-at="2021-07-26T18:20:34 PET" name="Surefire test" finished-at="2021-07-26T18:20:34 PET" duration-ms="532">
      <class name="UsuarioTest">
        <test-method signature="test1()[pri:0, instance:UsuarioTest@38af1bf6]" started-at="2021-07-26T18:20:34 PET" name="test1" finished-at="2021-07-26T18:20:34 PET" duration-ms="86" status="PASS">
          <reporter-output>
          </reporter-output>
        </test-method> <!-- test1 -->
        <test-method signature="test2()[pri:0, instance:UsuarioTest@38af1bf6]" started-at="2021-07-26T18:20:34 PET" name="test2" finished-at="2021-07-26T18:20:34 PET" duration-ms="15" status="PASS">
          <reporter-output>
          </reporter-output>
        </test-method> <!-- test2 -->
      </class> <!-- UsuarioTest -->
    </test> <!-- Surefire test -->
  </suite> <!-- Surefire suite -->
</testng-results>
